Project Information          d:\altera\maxplus2\modmachine\mainmod\controm.rpt

MAX+plus II Compiler Report File
Version 10.2 07/10/2002
Compiled: 07/16/2023 15:41:38

Copyright (C) 1988-2002 Altera Corporation
Any megafunction design, and related net list (encrypted or decrypted),
support information, device programming or simulation file, and any other
associated documentation or information provided by Altera or a partner
under Altera's Megafunction Partnership Program may be used only to
program PLD devices (but not masked PLD devices) from Altera.  Any other
use of such megafunction design, net list, support information, device
programming or simulation file, or any other related documentation or
information is prohibited for any other purpose, including, but not
limited to modification, reverse engineering, de-compiling, or use with
any other silicon devices, unless such use is explicitly licensed under
a separate agreement with Altera or a megafunction partner.  Title to
the intellectual property, including patents, copyrights, trademarks,
trade secrets, or maskworks, embodied in any such megafunction design,
net list, support information, device programming or simulation file, or
any other related documentation or information provided by Altera or a
megafunction partner, remains with Altera, the megafunction partner, or
their respective licensors.  No other licenses, including any licenses
needed under any third party's intellectual property, are provided herein.



***** Project compilation was successful


CONTROM


** DEVICE SUMMARY **

Chip/                     Input Output Bidir  Memory  Memory  			 LCs
POF       Device          Pins  Pins   Pins   Bits % Utilized  LCs  % Utilized

controm   EP1K10TC100-1    6      27     0    0         0  %    55       9  %

User Pins:                 6      27     0  



Device-Specific Information: d:\altera\maxplus2\modmachine\mainmod\controm.rpt
controm

***** Logic for device 'controm' compiled without errors.




Device: EP1K10TC100-1

ACEX 1K Configuration Scheme: Passive Serial

Device Options:
    User-Supplied Start-Up Clock               = OFF
    Auto-Restart Configuration on Frame Error  = OFF
    Release Clears Before Tri-States           = OFF
    Enable Chip_Wide Reset                     = OFF
    Enable Chip-Wide Output Enable             = OFF
    Enable INIT_DONE Output                    = OFF
    JTAG User Code                             = 7f
    MultiVolt I/O                              = OFF
    Enable Lock Output                         = OFF

                                                                   
                                                                   
                  R R R R   R                 R R     R R          
                  E E E E   E                 E E     E E          
                  S S S S   S   V             S S     S S       ^  
                  E E E E   E   C A A A       E E V   E E       D  
                # R R R R   R   C D D D       R R C   R R       A  
                T V V V V G V U I D D D G U D V V C   V V D   U T  
                C E E E E N E A N R R R N A 1 E E I D E E 1 D A A  
                K D D D D D D 5 T 5 1 4 D 0 5 D D O 1 D D 0 6 3 0  
              ----------------------------------------------------_ 
             / 100  98  96  94  92  90  88  86  84  82  80  78  76   |_ 
            /     99  97  95  93  91  89  87  85  83  81  79  77    | 
^CONF_DONE |  1                                                    75 | ^DCLK 
     ^nCEO |  2                                                    74 | ^nCE 
      #TDO |  3                                                    73 | #TDI 
     VCCIO |  4                                                    72 | VCCINT 
  RESERVED |  5                                                    71 | RESERVED 
       UA4 |  6                                                    70 | RESERVED 
  RESERVED |  7                                                    69 | D11 
  RESERVED |  8                                                    68 | D19 
  RESERVED |  9                                                    67 | VCCIO 
  RESERVED | 10                                                    66 | GND 
       GND | 11                                                    65 | RESERVED 
    VCCINT | 12                                                    64 | RESERVED 
  RESERVED | 13                   EP1K10TC100-1                    63 | D12 
  RESERVED | 14                                                    62 | D3 
  RESERVED | 15                                                    61 | D17 
  RESERVED | 16                                                    60 | VCCINT 
     VCCIO | 17                                                    59 | GND 
       GND | 18                                                    58 | D13 
        D2 | 19                                                    57 | UA1 
        D5 | 20                                                    56 | D7 
       D18 | 21                                                    55 | D8 
       UA2 | 22                                                    54 | ^MSEL0 
        D9 | 23                                                    53 | ^MSEL1 
      #TMS | 24                                                    52 | VCCINT 
  ^nSTATUS | 25                                                    51 | ^nCONFIG 
           |      27  29  31  33  35  37  39  41  43  45  47  49  _| 
            \   26  28  30  32  34  36  38  40  42  44  46  48  50   | 
             \----------------------------------------------------- 
                R R R R R R R R R V G V A A A G G D V R D D R D D  
                E E E E E E E E E C N C D D D N N 0 C E 1 2 E 1 4  
                S S S S S S S S S C D C D D D D D   C S 4 0 S 6    
                E E E E E E E E E I   _ R R R _     I E     E      
                R R R R R R R R R N   C 3 0 2 C     O R     R      
                V V V V V V V V V T   K       K       V     V      
                E E E E E E E E E     L       L       E     E      
                D D D D D D D D D     K       K       D     D      
                                                                   
                                                                   


N.C. = No Connect. This pin has no internal connection to the device.
VCCINT = Dedicated power pin, which MUST be connected to VCC (2.5 volts).
VCCIO = Dedicated power pin, which MUST be connected to VCC (2.5 volts).
GND = Dedicated ground pin or unused dedicated input, which MUST be connected to GND.
RESERVED = Unused I/O pin, which MUST be left unconnected.

^ = Dedicated configuration pin.
+ = Reserved configuration pin, which is tri-stated during user mode.
* = Reserved configuration pin, which drives out in user mode.
PDn = Power Down pin. 
@ = Special-purpose pin. 
# = JTAG Boundary-Scan Testing/In-System Programming or Configuration Pin. The JTAG inputs TMS and TDI should be tied to VCC and TCK should be tied to GND when not in use.
& = JTAG pin used for I/O. When used as user I/O, JTAG pins must be kept stable before and during configuration.  JTAG pin stability prevents accidental loading of JTAG instructions.
$ = Pin has PCI I/O option enabled. Pin is neither '5.0 V'- nor '3.3 V'-tolerant. 


Device-Specific Information: d:\altera\maxplus2\modmachine\mainmod\controm.rpt
controm

** RESOURCE USAGE **

Logic                Column       Row                                   
Array                Interconnect Interconnect         Clears/     External  
Block   Logic Cells  Driven       Driven       Clocks  Presets   Interconnect
C1       8/ 8(100%)   4/ 8( 50%)   1/ 8( 12%)    0/2    0/2      10/22( 45%)   
C2       8/ 8(100%)   3/ 8( 37%)   5/ 8( 62%)    0/2    0/2       5/22( 22%)   
C4       8/ 8(100%)   1/ 8( 12%)   7/ 8( 87%)    0/2    0/2       5/22( 22%)   
C6       8/ 8(100%)   1/ 8( 12%)   4/ 8( 50%)    0/2    0/2      12/22( 54%)   
C9       8/ 8(100%)   4/ 8( 50%)   1/ 8( 12%)    0/2    0/2      12/22( 54%)   
C10      8/ 8(100%)   1/ 8( 12%)   5/ 8( 62%)    0/2    0/2      11/22( 50%)   
C11      7/ 8( 87%)   2/ 8( 25%)   5/ 8( 62%)    0/2    0/2       6/22( 27%)   


Embedded             Column       Row                                   
Array     Embedded   Interconnect Interconnect         Read/      External  
Block     Cells      Driven       Driven       Clocks  Write    Interconnect


Total dedicated input pins used:                 6/6      (100%)
Total I/O pins used:                            27/60     ( 45%)
Total logic cells used:                         55/576    (  9%)
Total embedded cells used:                       0/48     (  0%)
Total EABs used:                                 0/3      (  0%)
Average fan-in:                                 3.41/4    ( 85%)
Total fan-in:                                 188/2304    (  8%)

Total input pins required:                       6
Total input I/O cell registers required:         0
Total output pins required:                     27
Total output I/O cell registers required:        0
Total buried I/O cell registers required:        0
Total bidirectional pins required:               0
Total reserved pins required                     0
Total logic cells required:                     55
Total flipflops required:                        0
Total packed registers required:                 0
Total logic cells in carry chains:               0
Total number of carry chains:                    0
Total logic cells in cascade chains:             0
Total number of cascade chains:                  0
Total single-pin Clock Enables required:         0
Total single-pin Output Enables required:        0

Synthesized logic cells:                        21/ 576   (  3%)

Logic Cell and Embedded Cell Counts

Column:  01  02  03  04  05  06  07  08  09  10  11  12  EA  13  14  15  16  17  18  19  20  21  22  23  24  Total(LC/EC)
 A:      0   0   0   0   0   0   0   0   0   0   0   0   0   0   0   0   0   0   0   0   0   0   0   0   0      0/0  
 B:      0   0   0   0   0   0   0   0   0   0   0   0   0   0   0   0   0   0   0   0   0   0   0   0   0      0/0  
 C:      8   8   0   8   0   8   0   0   8   8   7   0   0   0   0   0   0   0   0   0   0   0   0   0   0     55/0  

Total:   8   8   0   8   0   8   0   0   8   8   7   0   0   0   0   0   0   0   0   0   0   0   0   0   0     55/0  



Device-Specific Information: d:\altera\maxplus2\modmachine\mainmod\controm.rpt
controm

** INPUTS **

                                                    Fan-In    Fan-Out
 Pin     LC     EC   Row  Col  Primitive    Code      INP  FBK  OUT  FBK  Name
  39      -     -    -    --      INPUT             ^    0    0    0    5  ADDR0
  90      -     -    -    --      INPUT             ^    0    0    0    5  ADDR1
  40      -     -    -    --      INPUT             ^    0    0    0   17  ADDR2
  38      -     -    -    --      INPUT             ^    0    0    0   17  ADDR3
  89      -     -    -    --      INPUT             ^    0    0    0    5  ADDR4
  91      -     -    -    --      INPUT             ^    0    0    0    5  ADDR5


Code:

s = Synthesized pin or logic cell
+ = Synchronous flipflop
/ = Slow slew-rate output
! = NOT gate push-back
r = Fitter-inserted logic cell
^ = Increased input delay
* = PCI I/O is enabled
@ = Uses single-pin Clock Enable
& = Uses single-pin Output Enable


Device-Specific Information: d:\altera\maxplus2\modmachine\mainmod\controm.rpt
controm

** OUTPUTS **

       Fed By Fed By                                Fan-In    Fan-Out
 Pin     LC     EC   Row  Col  Primitive    Code      INP  FBK  OUT  FBK  Name
  43      -     -    -    12     OUTPUT                 0    1    0    0  D0
  82      -     -    -    04     OUTPUT                 0    1    0    0  D1
  19      -     -    C    --     OUTPUT                 0    1    0    0  D2
  62      -     -    B    --     OUTPUT                 0    1    0    0  D3
  50      -     -    -    02     OUTPUT                 0    1    0    0  D4
  20      -     -    C    --     OUTPUT                 0    1    0    0  D5
  78      -     -    -    01     OUTPUT                 0    1    0    0  D6
  56      -     -    C    --     OUTPUT                 0    1    0    0  D7
  55      -     -    C    --     OUTPUT                 0    1    0    0  D8
  23      -     -    C    --     OUTPUT                 0    1    0    0  D9
  79      -     -    -    02     OUTPUT                 0    1    0    0  D10
  69      -     -    A    --     OUTPUT                 0    1    0    0  D11
  63      -     -    B    --     OUTPUT                 0    1    0    0  D12
  58      -     -    C    --     OUTPUT                 0    1    0    0  D13
  46      -     -    -    10     OUTPUT                 0    1    0    0  D14
  86      -     -    -    09     OUTPUT                 0    1    0    0  D15
  49      -     -    -    06     OUTPUT                 0    1    0    0  D16
  61      -     -    B    --     OUTPUT                 0    1    0    0  D17
  21      -     -    C    --     OUTPUT                 0    1    0    0  D18
  68      -     -    A    --     OUTPUT                 0    1    0    0  D19
  47      -     -    -    09     OUTPUT                 0    1    0    0  D20
  87      -     -    -    12     OUTPUT                 0    1    0    0  UA0
  57      -     -    C    --     OUTPUT                 0    1    0    0  UA1
  22      -     -    C    --     OUTPUT                 0    1    0    0  UA2
  77      -     -    -    01     OUTPUT                 0    1    0    0  UA3
   6      -     -    A    --     OUTPUT                 0    0    0    0  UA4
  93      -     -    -    13     OUTPUT                 0    0    0    0  UA5


Code:

s = Synthesized pin or logic cell
+ = Synchronous flipflop
/ = Slow slew-rate output
! = NOT gate push-back
r = Fitter-inserted logic cell
^ = Increased input delay
* = PCI I/O is enabled
@ = Uses single-pin Clock Enable
& = Uses single-pin Output Enable


Device-Specific Information: d:\altera\maxplus2\modmachine\mainmod\controm.rpt
controm

** BURIED LOGIC **

                                                    Fan-In    Fan-Out
 IOC     LC     EC   Row  Col  Primitive    Code      INP  FBK  OUT  FBK  Name
   -      4     -    C    04       AND2                2    1    0    4  :1711
   -      8     -    C    04       AND2                2    1    1    4  :1727
   -      6     -    C    02       AND2                2    1    1    3  :1743
   -      1     -    C    04        OR2    s   !       2    0    0    6  ~1791~1
   -      5     -    C    04        OR2    s           2    2    0    1  ~1794~1
   -      4     -    C    11        OR2    s           4    0    0    1  ~1794~2
   -      5     -    C    06        OR2        !       0    2    0    3  :1807
   -      5     -    C    11       AND2                2    1    1    0  :1823
   -      1     -    C    09        OR2                0    4    0    1  :1828
   -      7     -    C    04       AND2                2    1    1    0  :1839
   -      3     -    C    11       AND2    s           4    0    0    7  ~1855~1
   -      3     -    C    04       AND2                2    1    0    5  :1855
   -      2     -    C    11        OR2    s   !       4    0    0    6  ~1871~1
   -      2     -    C    02       AND2                2    1    1    6  :1871
   -      6     -    C    11       AND2    s           4    0    0    8  ~1887~1
   -      1     -    C    11       AND2    s           2    1    1    0  ~1887~2
   -      1     -    C    01       AND2                2    1    1    9  :1887
   -      7     -    C    11       AND2    s   !       4    0    0    7  ~1903~1
   -      2     -    C    04        OR2        !       2    1    0    5  :1903
   -      6     -    C    04        OR2        !       2    1    1    6  :1919
   -      8     -    C    02        OR2    s   !       2    1    1    0  ~1935~1
   -      7     -    C    02        OR2    s   !       2    1    1    0  ~1935~2
   -      4     -    C    02        OR2        !       2    1    1   11  :1935
   -      2     -    C    09        OR2                0    4    1    0  :1938
   -      7     -    C    09        OR2                0    4    1    0  :1992
   -      8     -    C    06        OR2                0    4    0    1  :2139
   -      4     -    C    06        OR2    s   !       2    2    0    3  ~2141~1
   -      1     -    C    06        OR2    s   !       0    2    0    3  ~2141~2
   -      7     -    C    06        OR2    s           0    4    0    1  ~2141~3
   -      2     -    C    06        OR2                0    4    1    0  :2156
   -      3     -    C    06        OR2                0    4    0    4  :2181
   -      5     -    C    09       AND2    s           0    4    0    1  ~2210~1
   -      8     -    C    09       AND2                0    4    1    0  :2210
   -      5     -    C    10        OR2        !       0    2    0    1  :2231
   -      6     -    C    10        OR2                0    4    0    1  :2244
   -      7     -    C    10       AND2                0    3    0    1  :2255
   -      1     -    C    10        OR2                0    4    1    0  :2262
   -      6     -    C    06        OR2                0    3    0    1  :2340
   -      3     -    C    10        OR2    s   !       0    3    0    4  ~2363~1
   -      7     -    C    01        OR2    s   !       0    4    0    2  ~2363~2
   -      4     -    C    09        OR2    s   !       0    2    0    6  ~2372~1
   -      4     -    C    01        OR2                0    4    1    0  :2372
   -      8     -    C    01        OR2                0    3    0    1  :2397
   -      5     -    C    01        OR2                0    4    1    0  :2426
   -      2     -    C    01        OR2                0    4    1    0  :2478
   -      4     -    C    10        OR2    s           0    4    0    1  ~2682~1
   -      6     -    C    01        OR2                0    4    1    0  :2694
   -      2     -    C    10        OR2                0    4    1    0  :2748
   -      3     -    C    09        OR2                0    4    0    3  :2847
   -      6     -    C    09        OR2                0    4    1    0  :2856
   -      5     -    C    02        OR2                0    2    0    3  :3171
   -      3     -    C    01        OR2    s   !       0    2    0    4  ~3182~1
   -      8     -    C    10        OR2    s           0    4    1    0  ~3182~2
   -      1     -    C    02        OR2    s           0    4    1    0  ~3182~3
   -      3     -    C    02        OR2                0    4    1    0  :3182


Code:

s = Synthesized pin or logic cell
+ = Synchronous flipflop
/ = Slow slew-rate output
! = NOT gate push-back
r = Fitter-inserted logic cell
^ = Increased input delay
* = PCI I/O is enabled
p = Packed register


Device-Specific Information: d:\altera\maxplus2\modmachine\mainmod\controm.rpt
controm

** FASTTRACK INTERCONNECT UTILIZATION **

Row FastTrack Interconnect:

          Global         Left Half-      Right Half-
         FastTrack       FastTrack       FastTrack 
Row     Interconnect    Interconnect    Interconnect    Input Pins     Output Pins     Bidir Pins
A:       0/ 96(  0%)     2/ 48(  4%)     0/ 48(  0%)    0/16(  0%)      3/16( 18%)     0/16(  0%)
B:       0/ 96(  0%)     3/ 48(  6%)     0/ 48(  0%)    0/16(  0%)      3/16( 18%)     0/16(  0%)
C:      12/ 96( 12%)    16/ 48( 33%)     0/ 48(  0%)    0/16(  0%)      9/16( 56%)     0/16(  0%)


Column FastTrack Interconnect:

         FastTrack                                 
Column  Interconnect    Input Pins     Output Pins     Bidir Pins
01:      4/24( 16%)     0/4(  0%)      2/4( 50%)       0/4(  0%)
02:      3/24( 12%)     0/4(  0%)      2/4( 50%)       0/4(  0%)
03:      0/24(  0%)     0/4(  0%)      0/4(  0%)       0/4(  0%)
04:      1/24(  4%)     0/4(  0%)      1/4( 25%)       0/4(  0%)
05:      0/24(  0%)     0/4(  0%)      0/4(  0%)       0/4(  0%)
06:      1/24(  4%)     0/4(  0%)      1/4( 25%)       0/4(  0%)
07:      0/24(  0%)     0/4(  0%)      0/4(  0%)       0/4(  0%)
08:      0/24(  0%)     0/4(  0%)      0/4(  0%)       0/4(  0%)
09:      3/24( 12%)     0/4(  0%)      2/4( 50%)       0/4(  0%)
10:      2/24(  8%)     0/4(  0%)      1/4( 25%)       0/4(  0%)
11:      0/24(  0%)     0/4(  0%)      0/4(  0%)       0/4(  0%)
12:      2/24(  8%)     0/4(  0%)      2/4( 50%)       0/4(  0%)
13:      0/24(  0%)     0/4(  0%)      1/4( 25%)       0/4(  0%)
14:      0/24(  0%)     0/4(  0%)      0/4(  0%)       0/4(  0%)
15:      0/24(  0%)     0/4(  0%)      0/4(  0%)       0/4(  0%)
16:      0/24(  0%)     0/4(  0%)      0/4(  0%)       0/4(  0%)
17:      0/24(  0%)     0/4(  0%)      0/4(  0%)       0/4(  0%)
18:      0/24(  0%)     0/4(  0%)      0/4(  0%)       0/4(  0%)
19:      0/24(  0%)     0/4(  0%)      0/4(  0%)       0/4(  0%)
20:      0/24(  0%)     0/4(  0%)      0/4(  0%)       0/4(  0%)
21:      0/24(  0%)     0/4(  0%)      0/4(  0%)       0/4(  0%)
22:      0/24(  0%)     0/4(  0%)      0/4(  0%)       0/4(  0%)
23:      0/24(  0%)     0/4(  0%)      0/4(  0%)       0/4(  0%)
24:      0/24(  0%)     0/4(  0%)      0/4(  0%)       0/4(  0%)
EA:      0/24(  0%)     0/4(  0%)      0/4(  0%)       0/4(  0%)


Device-Specific Information: d:\altera\maxplus2\modmachine\mainmod\controm.rpt
controm

** EQUATIONS **

ADDR0    : INPUT;
ADDR1    : INPUT;
ADDR2    : INPUT;
ADDR3    : INPUT;
ADDR4    : INPUT;
ADDR5    : INPUT;

-- Node name is 'D0' 
-- Equation name is 'D0', type is output 
D0       =  _LC5_C11;

-- Node name is 'D1' 
-- Equation name is 'D1', type is output 
D1       =  _LC7_C4;

-- Node name is 'D2' 
-- Equation name is 'D2', type is output 
D2       =  _LC4_C2;

-- Node name is 'D3' 
-- Equation name is 'D3', type is output 
D3       =  _LC6_C9;

-- Node name is 'D4' 
-- Equation name is 'D4', type is output 
D4       = !_LC8_C2;

-- Node name is 'D5' 
-- Equation name is 'D5', type is output 
D5       =  _LC2_C10;

-- Node name is 'D6' 
-- Equation name is 'D6', type is output 
D6       =  _LC6_C1;

-- Node name is 'D7' 
-- Equation name is 'D7', type is output 
D7       = !_LC8_C4;

-- Node name is 'D8' 
-- Equation name is 'D8', type is output 
D8       = !_LC6_C2;

-- Node name is 'D9' 
-- Equation name is 'D9', type is output 
D9       = !_LC6_C4;

-- Node name is 'D10' 
-- Equation name is 'D10', type is output 
D10      =  _LC2_C1;

-- Node name is 'D11' 
-- Equation name is 'D11', type is output 
D11      =  _LC5_C1;

-- Node name is 'D12' 
-- Equation name is 'D12', type is output 
D12      =  _LC4_C1;

-- Node name is 'D13' 
-- Equation name is 'D13', type is output 
D13      =  _LC1_C1;

-- Node name is 'D14' 
-- Equation name is 'D14', type is output 
D14      =  _LC1_C10;

-- Node name is 'D15' 
-- Equation name is 'D15', type is output 
D15      =  _LC8_C9;

-- Node name is 'D16' 
-- Equation name is 'D16', type is output 
D16      =  _LC2_C6;

-- Node name is 'D17' 
-- Equation name is 'D17', type is output 
D17      =  _LC7_C2;

-- Node name is 'D18' 
-- Equation name is 'D18', type is output 
D18      =  _LC3_C2;

-- Node name is 'D19' 
-- Equation name is 'D19', type is output 
D19      =  _LC7_C9;

-- Node name is 'D20' 
-- Equation name is 'D20', type is output 
D20      =  _LC2_C9;

-- Node name is 'UA0' 
-- Equation name is 'UA0', type is output 
UA0      =  _LC1_C11;

-- Node name is 'UA1' 
-- Equation name is 'UA1', type is output 
UA1      =  _LC2_C2;

-- Node name is 'UA2' 
-- Equation name is 'UA2', type is output 
UA2      =  _LC8_C10;

-- Node name is 'UA3' 
-- Equation name is 'UA3', type is output 
UA3      =  _LC1_C2;

-- Node name is 'UA4' 
-- Equation name is 'UA4', type is output 
UA4      =  GND;

-- Node name is 'UA5' 
-- Equation name is 'UA5', type is output 
UA5      =  GND;

-- Node name is ':1711' 
-- Equation name is '_LC4_C4', type is buried 
_LC4_C4  = LCELL( _EQ001);
  _EQ001 =  ADDR2 &  ADDR3 & !_LC7_C11;

-- Node name is ':1727' 
-- Equation name is '_LC8_C4', type is buried 
_LC8_C4  = LCELL( _EQ002);
  _EQ002 =  ADDR2 &  ADDR3 &  _LC3_C11;

-- Node name is ':1743' 
-- Equation name is '_LC6_C2', type is buried 
_LC6_C2  = LCELL( _EQ003);
  _EQ003 =  ADDR2 &  ADDR3 &  _LC2_C11;

-- Node name is '~1791~1' 
-- Equation name is '~1791~1', location is LC1_C4, type is buried.
-- synthesized logic cell 
!_LC1_C4 = _LC1_C4~NOT;
_LC1_C4~NOT = LCELL( _EQ004);
  _EQ004 = !ADDR3
         #  ADDR2;

-- Node name is '~1794~1' 
-- Equation name is '~1794~1', location is LC5_C4, type is buried.
-- synthesized logic cell 
_LC5_C4  = LCELL( _EQ005);
  _EQ005 =  ADDR3
         #  ADDR2
         #  _LC3_C6
         #  _LC4_C4;

-- Node name is '~1794~2' 
-- Equation name is '~1794~2', location is LC4_C11, type is buried.
-- synthesized logic cell 
_LC4_C11 = LCELL( _EQ006);
  _EQ006 =  ADDR4 &  ADDR5
         # !ADDR4 & !ADDR5
         #  ADDR0
         #  ADDR1;

-- Node name is ':1807' 
-- Equation name is '_LC5_C6', type is buried 
!_LC5_C6 = _LC5_C6~NOT;
_LC5_C6~NOT = LCELL( _EQ007);
  _EQ007 = !_LC1_C4
         # !_LC2_C11;

-- Node name is ':1823' 
-- Equation name is '_LC5_C11', type is buried 
_LC5_C11 = LCELL( _EQ008);
  _EQ008 =  ADDR2 & !ADDR3 &  _LC6_C11;

-- Node name is ':1828' 
-- Equation name is '_LC1_C9', type is buried 
_LC1_C9  = LCELL( _EQ009);
  _EQ009 =  _LC5_C4 & !_LC5_C6
         # !_LC5_C6 & !_LC5_C10
         #  _LC4_C11 & !_LC5_C6;

-- Node name is ':1839' 
-- Equation name is '_LC7_C4', type is buried 
_LC7_C4  = LCELL( _EQ010);
  _EQ010 =  ADDR2 & !ADDR3 & !_LC7_C11;

-- Node name is '~1855~1' 
-- Equation name is '~1855~1', location is LC3_C11, type is buried.
-- synthesized logic cell 
_LC3_C11 = LCELL( _EQ011);
  _EQ011 =  ADDR0 & !ADDR1 & !ADDR4 & !ADDR5;

-- Node name is ':1855' 
-- Equation name is '_LC3_C4', type is buried 
_LC3_C4  = LCELL( _EQ012);
  _EQ012 =  ADDR2 & !ADDR3 &  _LC3_C11;

-- Node name is '~1871~1' 
-- Equation name is '~1871~1', location is LC2_C11, type is buried.
-- synthesized logic cell 
!_LC2_C11 = _LC2_C11~NOT;
_LC2_C11~NOT = LCELL( _EQ013);
  _EQ013 =  ADDR5
         #  ADDR4
         #  ADDR0
         #  ADDR1;

-- Node name is ':1871' 
-- Equation name is '_LC2_C2', type is buried 
_LC2_C2  = LCELL( _EQ014);
  _EQ014 =  ADDR2 & !ADDR3 &  _LC2_C11;

-- Node name is '~1887~1' 
-- Equation name is '~1887~1', location is LC6_C11, type is buried.
-- synthesized logic cell 
_LC6_C11 = LCELL( _EQ015);
  _EQ015 =  ADDR0 &  ADDR1 & !ADDR4 & !ADDR5;

-- Node name is '~1887~2' 
-- Equation name is '~1887~2', location is LC1_C11, type is buried.
-- synthesized logic cell 
_LC1_C11 = LCELL( _EQ016);
  _EQ016 = !ADDR2 & !ADDR3 &  _LC6_C11;

-- Node name is ':1887' 
-- Equation name is '_LC1_C1', type is buried 
_LC1_C1  = LCELL( _EQ017);
  _EQ017 = !ADDR2 & !ADDR3 &  _LC6_C11;

-- Node name is '~1903~1' 
-- Equation name is '~1903~1', location is LC7_C11, type is buried.
-- synthesized logic cell 
!_LC7_C11 = _LC7_C11~NOT;
_LC7_C11~NOT = LCELL( _EQ018);
  _EQ018 = !ADDR0 &  ADDR1 & !ADDR4 & !ADDR5;

-- Node name is ':1903' 
-- Equation name is '_LC2_C4', type is buried 
!_LC2_C4 = _LC2_C4~NOT;
_LC2_C4~NOT = LCELL( _EQ019);
  _EQ019 =  ADDR3
         #  ADDR2
         #  _LC7_C11;

-- Node name is ':1919' 
-- Equation name is '_LC6_C4', type is buried 
!_LC6_C4 = _LC6_C4~NOT;
_LC6_C4~NOT = LCELL( _EQ020);
  _EQ020 =  ADDR3
         #  ADDR2
         # !_LC3_C11;

-- Node name is '~1935~1' 
-- Equation name is '~1935~1', location is LC8_C2, type is buried.
-- synthesized logic cell 
!_LC8_C2 = _LC8_C2~NOT;
_LC8_C2~NOT = LCELL( _EQ021);
  _EQ021 =  ADDR3
         #  ADDR2
         # !_LC2_C11;

-- Node name is '~1935~2' 
-- Equation name is '~1935~2', location is LC7_C2, type is buried.
-- synthesized logic cell 
!_LC7_C2 = _LC7_C2~NOT;
_LC7_C2~NOT = LCELL( _EQ022);
  _EQ022 =  ADDR3
         #  ADDR2
         # !_LC2_C11;

-- Node name is ':1935' 
-- Equation name is '_LC4_C2', type is buried 
!_LC4_C2 = _LC4_C2~NOT;
_LC4_C2~NOT = LCELL( _EQ023);
  _EQ023 =  ADDR3
         #  ADDR2
         # !_LC2_C11;

-- Node name is ':1938' 
-- Equation name is '_LC2_C9', type is buried 
_LC2_C9  = LCELL( _EQ024);
  _EQ024 =  _LC6_C4
         #  _LC2_C4
         #  _LC3_C9
         #  _LC4_C2;

-- Node name is ':1992' 
-- Equation name is '_LC7_C9', type is buried 
_LC7_C9  = LCELL( _EQ025);
  _EQ025 = !_LC2_C4 & !_LC3_C9 & !_LC6_C4
         #  _LC4_C2;

-- Node name is ':2139' 
-- Equation name is '_LC8_C6', type is buried 
_LC8_C6  = LCELL( _EQ026);
  _EQ026 =  _LC4_C6 & !_LC5_C6 &  _LC7_C6
         #  _LC3_C4;

-- Node name is '~2141~1' 
-- Equation name is '~2141~1', location is LC4_C6, type is buried.
-- synthesized logic cell 
!_LC4_C6 = _LC4_C6~NOT;
_LC4_C6~NOT = LCELL( _EQ027);
  _EQ027 =  ADDR2 & !ADDR3 & !_LC7_C11
         #  ADDR2 & !ADDR3 &  _LC6_C11;

-- Node name is '~2141~2' 
-- Equation name is '~2141~2', location is LC1_C6, type is buried.
-- synthesized logic cell 
!_LC1_C6 = _LC1_C6~NOT;
_LC1_C6~NOT = LCELL( _EQ028);
  _EQ028 =  _LC5_C6
         # !_LC4_C6;

-- Node name is '~2141~3' 
-- Equation name is '~2141~3', location is LC7_C6, type is buried.
-- synthesized logic cell 
_LC7_C6  = LCELL( _EQ029);
  _EQ029 = !_LC1_C4 &  _LC6_C6
         # !_LC3_C11 &  _LC6_C6
         # !_LC1_C4 &  _LC4_C4
         # !_LC3_C11 &  _LC4_C4;

-- Node name is ':2156' 
-- Equation name is '_LC2_C6', type is buried 
_LC2_C6  = LCELL( _EQ030);
  _EQ030 = !_LC4_C2 & !_LC5_C2 &  _LC8_C6
         # !_LC4_C2 & !_LC4_C9;

-- Node name is ':2181' 
-- Equation name is '_LC3_C6', type is buried 
_LC3_C6  = LCELL( _EQ031);
  _EQ031 =  _LC1_C4 &  _LC3_C11
         #  _LC1_C4 &  _LC6_C11
         #  _LC1_C4 & !_LC7_C11;

-- Node name is '~2210~1' 
-- Equation name is '~2210~1', location is LC5_C9, type is buried.
-- synthesized logic cell 
_LC5_C9  = LCELL( _EQ032);
  _EQ032 = !_LC2_C4 &  _LC3_C6 & !_LC4_C2 & !_LC6_C4;

-- Node name is ':2210' 
-- Equation name is '_LC8_C9', type is buried 
_LC8_C9  = LCELL( _EQ033);
  _EQ033 =  _LC1_C6 & !_LC3_C4 & !_LC5_C2 &  _LC5_C9;

-- Node name is ':2231' 
-- Equation name is '_LC5_C10', type is buried 
!_LC5_C10 = _LC5_C10~NOT;
_LC5_C10~NOT = LCELL( _EQ034);
  _EQ034 =  _LC6_C2
         #  _LC8_C4;

-- Node name is ':2244' 
-- Equation name is '_LC6_C10', type is buried 
_LC6_C10 = LCELL( _EQ035);
  _EQ035 = !_LC6_C2 & !_LC8_C4
         #  _LC3_C6
         # !_LC1_C6;

-- Node name is ':2255' 
-- Equation name is '_LC7_C10', type is buried 
_LC7_C10 = LCELL( _EQ036);
  _EQ036 = !_LC2_C2 & !_LC3_C4 &  _LC6_C10;

-- Node name is ':2262' 
-- Equation name is '_LC1_C10', type is buried 
_LC1_C10 = LCELL( _EQ037);
  _EQ037 =  _LC7_C10
         # !_LC4_C9
         #  _LC4_C2
         #  _LC1_C1;

-- Node name is ':2340' 
-- Equation name is '_LC6_C6', type is buried 
_LC6_C6  = LCELL( _EQ038);
  _EQ038 =  _LC1_C4 &  _LC6_C11
         #  _LC1_C4 & !_LC7_C11;

-- Node name is '~2363~1' 
-- Equation name is '~2363~1', location is LC3_C10, type is buried.
-- synthesized logic cell 
!_LC3_C10 = _LC3_C10~NOT;
_LC3_C10~NOT = LCELL( _EQ039);
  _EQ039 = !_LC1_C6
         #  _LC3_C4
         #  _LC2_C2;

-- Node name is '~2363~2' 
-- Equation name is '~2363~2', location is LC7_C1, type is buried.
-- synthesized logic cell 
!_LC7_C1 = _LC7_C1~NOT;
_LC7_C1~NOT = LCELL( _EQ040);
  _EQ040 =  _LC3_C11
         # !_LC1_C4
         # !_LC6_C11 &  _LC7_C11;

-- Node name is '~2372~1' 
-- Equation name is '~2372~1', location is LC4_C9, type is buried.
-- synthesized logic cell 
!_LC4_C9 = _LC4_C9~NOT;
_LC4_C9~NOT = LCELL( _EQ041);
  _EQ041 =  _LC6_C4
         #  _LC2_C4;

-- Node name is ':2372' 
-- Equation name is '_LC4_C1', type is buried 
_LC4_C1  = LCELL( _EQ042);
  _EQ042 =  _LC3_C1 &  _LC3_C10 &  _LC7_C1
         #  _LC1_C1 &  _LC3_C1;

-- Node name is ':2397' 
-- Equation name is '_LC8_C1', type is buried 
_LC8_C1  = LCELL( _EQ043);
  _EQ043 =  _LC1_C4 &  _LC3_C11
         #  _LC1_C4 &  _LC6_C11;

-- Node name is ':2426' 
-- Equation name is '_LC5_C1', type is buried 
_LC5_C1  = LCELL( _EQ044);
  _EQ044 =  _LC3_C1 &  _LC3_C10 &  _LC8_C1
         #  _LC1_C1 &  _LC3_C1;

-- Node name is ':2478' 
-- Equation name is '_LC2_C1', type is buried 
_LC2_C1  = LCELL( _EQ045);
  _EQ045 = !_LC1_C1 & !_LC7_C1
         # !_LC1_C1 & !_LC3_C10
         # !_LC3_C1;

-- Node name is '~2682~1' 
-- Equation name is '~2682~1', location is LC4_C10, type is buried.
-- synthesized logic cell 
_LC4_C10 = LCELL( _EQ046);
  _EQ046 = !_LC4_C4 & !_LC8_C4
         #  _LC3_C6
         #  _LC6_C2;

-- Node name is ':2694' 
-- Equation name is '_LC6_C1', type is buried 
_LC6_C1  = LCELL( _EQ047);
  _EQ047 = !_LC3_C1
         # !_LC1_C1 & !_LC3_C10
         # !_LC1_C1 &  _LC4_C10;

-- Node name is ':2748' 
-- Equation name is '_LC2_C10', type is buried 
_LC2_C10 = LCELL( _EQ048);
  _EQ048 = !_LC4_C4 & !_LC6_C4
         # !_LC6_C4 &  _LC8_C4
         #  _LC4_C2;

-- Node name is ':2847' 
-- Equation name is '_LC3_C9', type is buried 
_LC3_C9  = LCELL( _EQ049);
  _EQ049 =  _LC1_C9
         #  _LC5_C2
         # !_LC4_C6
         #  _LC3_C4;

-- Node name is ':2856' 
-- Equation name is '_LC6_C9', type is buried 
_LC6_C9  = LCELL( _EQ050);
  _EQ050 =  _LC6_C4
         #  _LC4_C2
         # !_LC2_C4 &  _LC3_C9;

-- Node name is ':3171' 
-- Equation name is '_LC5_C2', type is buried 
_LC5_C2  = LCELL( _EQ051);
  _EQ051 =  _LC1_C1
         #  _LC2_C2;

-- Node name is '~3182~1' 
-- Equation name is '~3182~1', location is LC3_C1, type is buried.
-- synthesized logic cell 
!_LC3_C1 = _LC3_C1~NOT;
_LC3_C1~NOT = LCELL( _EQ052);
  _EQ052 = !_LC4_C9
         #  _LC4_C2;

-- Node name is '~3182~2' 
-- Equation name is '~3182~2', location is LC8_C10, type is buried.
-- synthesized logic cell 
_LC8_C10 = LCELL( _EQ053);
  _EQ053 =  _LC1_C1 & !_LC4_C2 &  _LC4_C9
         #  _LC2_C2 & !_LC4_C2 &  _LC4_C9;

-- Node name is '~3182~3' 
-- Equation name is '~3182~3', location is LC1_C2, type is buried.
-- synthesized logic cell 
_LC1_C2  = LCELL( _EQ054);
  _EQ054 =  _LC1_C1 & !_LC4_C2 &  _LC4_C9
         #  _LC2_C2 & !_LC4_C2 &  _LC4_C9;

-- Node name is ':3182' 
-- Equation name is '_LC3_C2', type is buried 
_LC3_C2  = LCELL( _EQ055);
  _EQ055 =  _LC1_C1 & !_LC4_C2 &  _LC4_C9
         #  _LC2_C2 & !_LC4_C2 &  _LC4_C9;



Project Information          d:\altera\maxplus2\modmachine\mainmod\controm.rpt

** COMPILATION SETTINGS & TIMES **

Processing Menu Commands
------------------------

Design Doctor                             = off

Logic Synthesis:

   Synthesis Type Used                    = Multi-Level

   Default Synthesis Style                = NORMAL

      Logic option settings in 'NORMAL' style for 'ACEX1K' family

      CARRY_CHAIN                         = ignore
      CARRY_CHAIN_LENGTH                  = 32
      CASCADE_CHAIN                       = ignore
      CASCADE_CHAIN_LENGTH                = 2
      DECOMPOSE_GATES                     = on
      DUPLICATE_LOGIC_EXTRACTION          = on
      MINIMIZATION                        = full
      MULTI_LEVEL_FACTORING               = on
      NOT_GATE_PUSH_BACK                  = on
      REDUCE_LOGIC                        = on
      REFACTORIZATION                     = on
      REGISTER_OPTIMIZATION               = on
      RESYNTHESIZE_NETWORK                = on
      SLOW_SLEW_RATE                      = off
      SUBFACTOR_EXTRACTION                = on
      IGNORE_SOFT_BUFFERS                 = on
      USE_LPM_FOR_AHDL_OPERATORS          = off

   Other logic synthesis settings:

      Automatic Global Clock              = on
      Automatic Global Clear              = on
      Automatic Global Preset             = on
      Automatic Global Output Enable      = on
      Automatic Fast I/O                  = off
      Automatic Register Packing          = off
      Automatic Open-Drain Pins           = on
      Automatic Implement in EAB          = off
      Optimize                            = 5

Default Timing Specifications: None

Cut All Bidir Feedback Timing Paths       = on
Cut All Clear & Preset Timing Paths       = on

Ignore Timing Assignments                 = off

Functional SNF Extractor                  = off

Linked SNF Extractor                      = off
Timing SNF Extractor                      = on
Optimize Timing SNF                       = off
Generate AHDL TDO File                    = off
Fitter Settings                           = NORMAL
Use Quartus Fitter                        = on
Smart Recompile                           = off
Total Recompile                           = off

Interfaces Menu Commands
------------------------

EDIF Netlist Writer                       = off
Verilog Netlist Writer                    = off
VHDL Netlist Writer                       = off

Compilation Times
-----------------

   Compiler Netlist Extractor             00:00:01
   Database Builder                       00:00:00
   Logic Synthesizer                      00:00:00
   Partitioner                            00:00:00
   Fitter                                 00:00:00
   Timing SNF Extractor                   00:00:00
   Assembler                              00:00:00
   --------------------------             --------
   Total Time                             00:00:01


Memory Allocated
-----------------

Peak memory allocated during compilation  = 36,409K
