Project Information             d:\altera\maxplus2\modmachine\mainmod\crom.rpt

MAX+plus II Compiler Report File
Version 10.2 07/10/2002
Compiled: 07/22/2023 23:24:24

Copyright (C) 1988-2002 Altera Corporation
Any megafunction design, and related net list (encrypted or decrypted),
support information, device programming or simulation file, and any other
associated documentation or information provided by Altera or a partner
under Altera's Megafunction Partnership Program may be used only to
program PLD devices (but not masked PLD devices) from Altera.  Any other
use of such megafunction design, net list, support information, device
programming or simulation file, or any other related documentation or
information is prohibited for any other purpose, including, but not
limited to modification, reverse engineering, de-compiling, or use with
any other silicon devices, unless such use is explicitly licensed under
a separate agreement with Altera or a megafunction partner.  Title to
the intellectual property, including patents, copyrights, trademarks,
trade secrets, or maskworks, embodied in any such megafunction design,
net list, support information, device programming or simulation file, or
any other related documentation or information provided by Altera or a
megafunction partner, remains with Altera, the megafunction partner, or
their respective licensors.  No other licenses, including any licenses
needed under any third party's intellectual property, are provided herein.



***** Project compilation was successful




** DEVICE SUMMARY **

Chip/                     Input Output Bidir  Memory  Memory  			 LCs
POF       Device          Pins  Pins   Pins   Bits % Utilized  LCs  % Utilized

crom      EP1K10TC100-1    11     18     0    0         0  %    74       12 %

User Pins:                 11     18     0  



Project Information             d:\altera\maxplus2\modmachine\mainmod\crom.rpt

** PROJECT COMPILATION MESSAGES **

Warning: Ignored unnecessary INPUT pin 'ZF'


Project Information             d:\altera\maxplus2\modmachine\mainmod\crom.rpt

** FILE HIERARCHY **



|aa:35|
|aa:35|mmm:31|
|aa:35|mmm:36|
|aa:35|mmm:35|
|aa:35|mmm:34|
|aa:35|mmm:33|
|aa:35|mmm:32|
|f1:36|
|f2:37|
|f3:38|
|controm:39|
|mcommand:40|
|addr:43|


Device-Specific Information:    d:\altera\maxplus2\modmachine\mainmod\crom.rpt
crom

***** Logic for device 'crom' compiled without errors.




Device: EP1K10TC100-1

ACEX 1K Configuration Scheme: Passive Serial

Device Options:
    User-Supplied Start-Up Clock               = OFF
    Auto-Restart Configuration on Frame Error  = OFF
    Release Clears Before Tri-States           = OFF
    Enable Chip_Wide Reset                     = OFF
    Enable Chip-Wide Output Enable             = OFF
    Enable INIT_DONE Output                    = OFF
    JTAG User Code                             = 7f
    MultiVolt I/O                              = OFF
    Enable Lock Output                         = OFF

                                                                   
                                                                   
                        R                 R R R R   R R R R R R    
                        E                 E E E E   E E E E E E    
                    A   S       V         S S S S   S S S S S S ^  
                    D   E   L   C         E E E E V E E E E E E D  
                #   D   R   D R C         R R R R C R R R R R R A  
                T   R   V G P D I       G V V V V C V V V V V V T  
                C D _ D E N S _ N C S T N E E E E I E E E E E E A  
                K 1 B 0 D D W D T F F 3 D D D D D O D D D D D D 0  
              ----------------------------------------------------_ 
             / 100  98  96  94  92  90  88  86  84  82  80  78  76   |_ 
            /     99  97  95  93  91  89  87  85  83  81  79  77    | 
^CONF_DONE |  1                                                    75 | ^DCLK 
     ^nCEO |  2                                                    74 | ^nCE 
      #TDO |  3                                                    73 | #TDI 
     VCCIO |  4                                                    72 | VCCINT 
  RESERVED |  5                                                    71 | RESERVED 
     ALU_B |  6                                                    70 | RESERVED 
  RESERVED |  7                                                    69 | RESERVED 
  RESERVED |  8                                                    68 | RESERVED 
  RESERVED |  9                                                    67 | VCCIO 
  RESERVED | 10                                                    66 | GND 
       GND | 11                                                    65 | RESERVED 
    VCCINT | 12                                                    64 | RESERVED 
  RESERVED | 13                   EP1K10TC100-1                    63 | RESERVED 
  RESERVED | 14                                                    62 | RESERVED 
  RESERVED | 15                                                    61 | RESERVED 
  RESERVED | 16                                                    60 | VCCINT 
     VCCIO | 17                                                    59 | GND 
       GND | 18                                                    58 | D2 
      CS_I | 19                                                    57 | SW_B 
      LDIR | 20                                                    56 | LED_B 
      LDAR | 21                                                    55 | OVF 
      LDPC | 22                                                    54 | ^MSEL0 
      LOAD | 23                                                    53 | ^MSEL1 
      #TMS | 24                                                    52 | VCCINT 
  ^nSTATUS | 25                                                    51 | ^nCONFIG 
           |      27  29  31  33  35  37  39  41  43  45  47  49  _| 
            \   26  28  30  32  34  36  38  40  42  44  46  48  50   | 
             \----------------------------------------------------- 
                R S R L S S R D C V G V C T T G G R V R R R R R R  
                A 2 S D 0 1 E 3 S C N C L 2 4 N N E C E E E E E E  
                M   _ R     S   _ C D C R     D D S C S S S S S S  
                _   B I     E   D I   _       _   E I E E E E E E  
                B           R     N   C       C   R O R R R R R R  
                            V     T   K       K   V   V V V V V V  
                            E         L       L   E   E E E E E E  
                            D         K       K   D   D D D D D D  
                                                                   
                                                                   


N.C. = No Connect. This pin has no internal connection to the device.
VCCINT = Dedicated power pin, which MUST be connected to VCC (2.5 volts).
VCCIO = Dedicated power pin, which MUST be connected to VCC (2.5 volts).
GND = Dedicated ground pin or unused dedicated input, which MUST be connected to GND.
RESERVED = Unused I/O pin, which MUST be left unconnected.

^ = Dedicated configuration pin.
+ = Reserved configuration pin, which is tri-stated during user mode.
* = Reserved configuration pin, which drives out in user mode.
PDn = Power Down pin. 
@ = Special-purpose pin. 
# = JTAG Boundary-Scan Testing/In-System Programming or Configuration Pin. The JTAG inputs TMS and TDI should be tied to VCC and TCK should be tied to GND when not in use.
& = JTAG pin used for I/O. When used as user I/O, JTAG pins must be kept stable before and during configuration.  JTAG pin stability prevents accidental loading of JTAG instructions.
$ = Pin has PCI I/O option enabled. Pin is neither '5.0 V'- nor '3.3 V'-tolerant. 


Device-Specific Information:    d:\altera\maxplus2\modmachine\mainmod\crom.rpt
crom

** RESOURCE USAGE **

Logic                Column       Row                                   
Array                Interconnect Interconnect         Clears/     External  
Block   Logic Cells  Driven       Driven       Clocks  Presets   Interconnect
C9       1/ 8( 12%)   0/ 8(  0%)   1/ 8( 12%)    1/2    0/2       1/22(  4%)   
C13      3/ 8( 37%)   2/ 8( 25%)   0/ 8(  0%)    1/2    0/2       4/22( 18%)   
C14      8/ 8(100%)   0/ 8(  0%)   6/ 8( 75%)    1/2    2/2      10/22( 45%)   
C15      8/ 8(100%)   0/ 8(  0%)   6/ 8( 75%)    1/2    2/2       8/22( 36%)   
C16      8/ 8(100%)   0/ 8(  0%)   6/ 8( 75%)    1/2    2/2       8/22( 36%)   
C17      8/ 8(100%)   0/ 8(  0%)   5/ 8( 62%)    1/2    2/2      11/22( 50%)   
C18      8/ 8(100%)   3/ 8( 37%)   3/ 8( 37%)    1/2    0/2       8/22( 36%)   
C19      8/ 8(100%)   1/ 8( 12%)   6/ 8( 75%)    1/2    0/2      10/22( 45%)   
C20      5/ 8( 62%)   2/ 8( 25%)   1/ 8( 12%)    1/2    2/2       6/22( 27%)   
C21      1/ 8( 12%)   1/ 8( 12%)   0/ 8(  0%)    1/2    0/2       1/22(  4%)   
C23      8/ 8(100%)   0/ 8(  0%)   6/ 8( 75%)    1/2    2/2       7/22( 31%)   
C24      8/ 8(100%)   2/ 8( 25%)   3/ 8( 37%)    1/2    0/2      13/22( 59%)   


Embedded             Column       Row                                   
Array     Embedded   Interconnect Interconnect         Read/      External  
Block     Cells      Driven       Driven       Clocks  Write    Interconnect


Total dedicated input pins used:                 6/6      (100%)
Total I/O pins used:                            23/60     ( 38%)
Total logic cells used:                         74/576    ( 12%)
Total embedded cells used:                       0/48     (  0%)
Total EABs used:                                 0/3      (  0%)
Average fan-in:                                 2.87/4    ( 71%)
Total fan-in:                                 213/2304    (  9%)

Total input pins required:                      11
Total input I/O cell registers required:         0
Total output pins required:                     18
Total output I/O cell registers required:        0
Total buried I/O cell registers required:        0
Total bidirectional pins required:               0
Total reserved pins required                     0
Total logic cells required:                     74
Total flipflops required:                       26
Total packed registers required:                 0
Total logic cells in carry chains:               0
Total number of carry chains:                    0
Total logic cells in cascade chains:             0
Total number of cascade chains:                  0
Total single-pin Clock Enables required:         0
Total single-pin Output Enables required:        0

Synthesized logic cells:                        18/ 576   (  3%)

Logic Cell and Embedded Cell Counts

Column:  01  02  03  04  05  06  07  08  09  10  11  12  EA  13  14  15  16  17  18  19  20  21  22  23  24  Total(LC/EC)
 A:      0   0   0   0   0   0   0   0   0   0   0   0   0   0   0   0   0   0   0   0   0   0   0   0   0      0/0  
 B:      0   0   0   0   0   0   0   0   0   0   0   0   0   0   0   0   0   0   0   0   0   0   0   0   0      0/0  
 C:      0   0   0   0   0   0   0   0   1   0   0   0   0   3   8   8   8   8   8   8   5   1   0   8   8     74/0  

Total:   0   0   0   0   0   0   0   0   1   0   0   0   0   3   8   8   8   8   8   8   5   1   0   8   8     74/0  



Device-Specific Information:    d:\altera\maxplus2\modmachine\mainmod\crom.rpt
crom

** INPUTS **

                                                    Fan-In    Fan-Out
 Pin     LC     EC   Row  Col  Primitive    Code      INP  FBK  OUT  FBK  Name
  91      -     -    -    --      INPUT             ^    0    0    0    1  CF
  38      -     -    -    --      INPUT  G          ^    0    0    0    0  CLR
  97      -     -    -    23      INPUT             ^    0    0    0    1  D0
  99      -     -    -    24      INPUT             ^    0    0    0    1  D1
  58      -     -    C    --      INPUT             ^    0    0    0    1  D2
  33      -     -    -    15      INPUT             ^    0    0    0    1  D3
  55      -     -    C    --      INPUT             ^    0    0    0    1  OVF
  90      -     -    -    --      INPUT             ^    0    0    0    1  SF
  39      -     -    -    --      INPUT  G          ^    0    0    0    1  T2
  89      -     -    -    --      INPUT             ^    0    0    0    4  T3
  40      -     -    -    --      INPUT             ^    0    0    0    9  T4


Code:

s = Synthesized pin or logic cell
+ = Synchronous flipflop
/ = Slow slew-rate output
! = NOT gate push-back
r = Fitter-inserted logic cell
^ = Increased input delay
* = PCI I/O is enabled
@ = Uses single-pin Clock Enable
& = Uses single-pin Output Enable
G = Global Source. Fan-out destinations counted here do not include destinations
that are driven using global routing resources. Refer to the Auto Global Signals,
Clock Signals, Clear Signals, Synchronous Load Signals, and Synchronous Clear Signals
Sections of this Report File for information on which signals' fan-outs are used as
Clock, Clear, Preset, Output Enable, and synchronous Load signals.


Device-Specific Information:    d:\altera\maxplus2\modmachine\mainmod\crom.rpt
crom

** OUTPUTS **

       Fed By Fed By                                Fan-In    Fan-Out
 Pin     LC     EC   Row  Col  Primitive    Code      INP  FBK  OUT  FBK  Name
  98      -     -    -    24     OUTPUT                 0    1    0    0  ADDR_B
   6      -     -    A    --     OUTPUT                 0    1    0    0  ALU_B
  34      -     -    -    14     OUTPUT                 0    1    0    0  CS_D
  19      -     -    C    --     OUTPUT                 0    1    0    0  CS_I
  21      -     -    C    --     OUTPUT                 0    1    0    0  LDAR
  20      -     -    C    --     OUTPUT                 0    1    0    0  LDIR
  22      -     -    C    --     OUTPUT                 0    1    0    0  LDPC
  94      -     -    -    19     OUTPUT                 0    1    0    0  LDPSW
  29      -     -    -    19     OUTPUT                 0    1    0    0  LDRI
  56      -     -    C    --     OUTPUT                 0    1    0    0  LED_B
  23      -     -    C    --     OUTPUT                 0    1    0    0  LOAD
  26      -     -    -    23     OUTPUT                 0    1    0    0  RAM_B
  93      -     -    -    13     OUTPUT                 0    1    0    0  RD_D
  28      -     -    -    20     OUTPUT                 0    1    0    0  RS_B
  57      -     -    C    --     OUTPUT                 0    1    0    0  SW_B
  30      -     -    -    18     OUTPUT                 0    1    0    0  S0
  31      -     -    -    17     OUTPUT                 0    1    0    0  S1
  27      -     -    -    21     OUTPUT                 0    1    0    0  S2


Code:

s = Synthesized pin or logic cell
+ = Synchronous flipflop
/ = Slow slew-rate output
! = NOT gate push-back
r = Fitter-inserted logic cell
^ = Increased input delay
* = PCI I/O is enabled
@ = Uses single-pin Clock Enable
& = Uses single-pin Output Enable


Device-Specific Information:    d:\altera\maxplus2\modmachine\mainmod\crom.rpt
crom

** BURIED LOGIC **

                                                    Fan-In    Fan-Out
 IOC     LC     EC   Row  Col  Primitive    Code      INP  FBK  OUT  FBK  Name
   -      1     -    C    15       DFFE   +            0    1    0    5  |aa:35|MMM:31|:5
   -      2     -    C    20       DFFE   +            0    1    0    5  |aa:35|MMM:32|:5
   -      6     -    C    23       DFFE   +            0    3    0   10  |aa:35|MMM:33|:5
   -      7     -    C    14       DFFE   +            0    3    0   10  |aa:35|MMM:34|:5
   -      5     -    C    17       DFFE   +            0    3    0    5  |aa:35|MMM:35|:5
   -      2     -    C    16       DFFE   +            0    2    0    5  |aa:35|MMM:36|:5
   -      5     -    C    15        OR2        !       3    1    0    1  |ADDR:43|:36
   -      5     -    C    20        OR2        !       2    1    0    1  |ADDR:43|:41
   -      2     -    C    23        OR2        !       2    1    0    1  |ADDR:43|:46
   -      6     -    C    14        OR2        !       2    1    0    1  |ADDR:43|:51
   -      3     -    C    14        OR2        !       2    1    0    1  |ADDR:43|:56
   -      2     -    C    14        OR2        !       2    1    0    1  |ADDR:43|:61
   -      6     -    C    15       AND2                0    3    0    4  |CONTROM:39|:1711
   -      1     -    C    19       AND2                0    3    0    5  |CONTROM:39|:1727
   -      3     -    C    19       AND2                0    3    0    4  |CONTROM:39|:1743
   -      1     -    C    16       AND2    s           0    4    0    8  |CONTROM:39|~1775~1
   -      2     -    C    19       AND2    s           0    2    0    6  |CONTROM:39|~1791~1
   -      1     -    C    18       AND2                0    2    0    4  |CONTROM:39|:1791
   -      3     -    C    24        OR2    s           0    4    0    1  |CONTROM:39|~1794~1
   -      6     -    C    16        OR2    s           0    3    0    1  |CONTROM:39|~1794~2
   -      3     -    C    16        OR2    s           0    4    0    1  |CONTROM:39|~1794~3
   -      5     -    C    16        OR2        !       0    2    0    3  |CONTROM:39|:1807
   -      3     -    C    15       AND2    s           0    2    0   10  |CONTROM:39|~1839~1
   -      7     -    C    16        OR2    s           0    4    0    4  |CONTROM:39|~1855~1
   -      3     -    C    17       AND2                0    2    0    4  |CONTROM:39|:1855
   -      4     -    C    16       AND2    s           0    4    0    8  |CONTROM:39|~1871~1
   -      8     -    C    16       AND2    s           0    4    0    8  |CONTROM:39|~1887~1
   -      2     -    C    15       AND2                0    3    0    9  |CONTROM:39|:1887
   -      8     -    C    15        OR2        !       0    3    0    5  |CONTROM:39|:1903
   -      4     -    C    19        OR2        !       0    3    0    7  |CONTROM:39|:1919
   -      7     -    C    19        OR2        !       0    3    0    8  |CONTROM:39|:1935
   -      7     -    C    17        OR2                0    4    0    1  |CONTROM:39|:2124
   -      6     -    C    17        OR2                0    4    0    1  |CONTROM:39|:2139
   -      6     -    C    18        OR2                0    4    0    4  |CONTROM:39|:2181
   -      2     -    C    17        OR2    s   !       0    3    0    2  |CONTROM:39|~2210~1
   -      6     -    C    19        OR2                0    4    0    1  |CONTROM:39|:2244
   -      8     -    C    23        OR2    s           0    2    0    1  |CONTROM:39|~2262~1
   -      7     -    C    15        OR2    s   !       0    4    0    3  |CONTROM:39|~2363~1
   -      5     -    C    18        OR2    s   !       0    4    0    2  |CONTROM:39|~2363~2
   -      7     -    C    18        OR2                0    3    0    1  |CONTROM:39|:2397
   -      4     -    C    17        OR2    s   !       0    4    0    4  |CONTROM:39|~2417~1
   -      8     -    C    17        OR2    s           0    3    0    1  |CONTROM:39|~2417~2
   -      7     -    C    23       AND2    s           0    3    0    9  |CONTROM:39|~2426~1
   -      8     -    C    19        OR2    s           0    4    0    1  |CONTROM:39|~2682~1
   -      1     -    C    17        OR2    s           0    3    0    1  |CONTROM:39|~2847~1
   -      5     -    C    24        OR2                0    4    0    3  |CONTROM:39|:2847
   -      5     -    C    14        OR2                0    3    0    4  |CONTROM:39|:3171
   -      7     -    C    24       DFFE   +            0    4    1    0  |MCOMMAND:40|DATAOUT20 (|MCOMMAND:40|:46)
   -      6     -    C    24       DFFE   +            0    4    0    1  |MCOMMAND:40|DATAOUT19 (|MCOMMAND:40|:47)
   -      8     -    C    14       DFFE   +            0    4    0    1  |MCOMMAND:40|DATAOUT18 (|MCOMMAND:40|:48)
   -      5     -    C    23       DFFE   +            0    4    0    1  |MCOMMAND:40|DATAOUT16 (|MCOMMAND:40|:50)
   -      2     -    C    24       DFFE   +            0    4    0    1  |MCOMMAND:40|DATAOUT15 (|MCOMMAND:40|:51)
   -      5     -    C    19       DFFE   +            0    4    1    0  |MCOMMAND:40|DATAOUT14 (|MCOMMAND:40|:52)
   -      5     -    C    21       DFFE   +            0    1    1    0  |MCOMMAND:40|DATAOUT13 (|MCOMMAND:40|:53)
   -      8     -    C    18       DFFE   +            0    4    1    0  |MCOMMAND:40|DATAOUT12 (|MCOMMAND:40|:54)
   -      4     -    C    18       DFFE   +            0    4    1    0  |MCOMMAND:40|DATAOUT11 (|MCOMMAND:40|:55)
   -      2     -    C    18       DFFE   +            0    4    1    0  |MCOMMAND:40|DATAOUT10 (|MCOMMAND:40|:56)
   -      3     -    C    23       DFFE   +            0    1    1    0  |MCOMMAND:40|DATAOUT9 (|MCOMMAND:40|:57)
   -      5     -    C    09       DFFE   +            0    1    1    0  |MCOMMAND:40|DATAOUT8 (|MCOMMAND:40|:58)
   -      1     -    C    13       DFFE   +            0    1    0    1  |MCOMMAND:40|DATAOUT7 (|MCOMMAND:40|:59)
   -      3     -    C    18       DFFE   +            0    4    0    1  |MCOMMAND:40|DATAOUT6 (|MCOMMAND:40|:60)
   -      1     -    C    24       DFFE   +            0    4    1    0  |MCOMMAND:40|DATAOUT5 (|MCOMMAND:40|:61)
   -      1     -    C    23       DFFE   +            0    1    1    0  |MCOMMAND:40|DATAOUT4 (|MCOMMAND:40|:62)
   -      4     -    C    24       DFFE   +            0    4    1    0  |MCOMMAND:40|DATAOUT3 (|MCOMMAND:40|:63)
   -      4     -    C    23       DFFE   +            0    1    0    5  |MCOMMAND:40|DATAOUT2 (|MCOMMAND:40|:64)
   -      1     -    C    20       DFFE   +            0    2    0    1  |MCOMMAND:40|DATAOUT1 (|MCOMMAND:40|:65)
   -      4     -    C    15       DFFE   +            0    2    0    1  |MCOMMAND:40|DATAOUT0 (|MCOMMAND:40|:66)
   -      8     -    C    13        OR2        !       1    1    1    0  |MCOMMAND:40|:1053
   -      5     -    C    13        OR2        !       2    1    1    0  |MCOMMAND:40|:1082
   -      3     -    C    20       AND2                1    1    1    0  |MCOMMAND:40|:1269
   -      4     -    C    20       AND2                1    1    1    0  |MCOMMAND:40|:1294
   -      1     -    C    14       AND2                1    1    1    0  |MCOMMAND:40|:1319
   -      4     -    C    14       AND2                1    1    1    0  |MCOMMAND:40|:1344
   -      8     -    C    24       AND2                1    1    1    0  |MCOMMAND:40|:1369


Code:

s = Synthesized pin or logic cell
+ = Synchronous flipflop
/ = Slow slew-rate output
! = NOT gate push-back
r = Fitter-inserted logic cell
^ = Increased input delay
* = PCI I/O is enabled
p = Packed register


Device-Specific Information:    d:\altera\maxplus2\modmachine\mainmod\crom.rpt
crom

** FASTTRACK INTERCONNECT UTILIZATION **

Row FastTrack Interconnect:

          Global         Left Half-      Right Half-
         FastTrack       FastTrack       FastTrack 
Row     Interconnect    Interconnect    Interconnect    Input Pins     Output Pins     Bidir Pins
A:       0/ 96(  0%)     0/ 48(  0%)     1/ 48(  2%)    0/16(  0%)      1/16(  6%)     0/16(  0%)
B:       0/ 96(  0%)     0/ 48(  0%)     0/ 48(  0%)    0/16(  0%)      0/16(  0%)     0/16(  0%)
C:      37/ 96( 38%)     1/ 48(  2%)    14/ 48( 29%)    2/16( 12%)      7/16( 43%)     0/16(  0%)


Column FastTrack Interconnect:

         FastTrack                                 
Column  Interconnect    Input Pins     Output Pins     Bidir Pins
01:      0/24(  0%)     0/4(  0%)      0/4(  0%)       0/4(  0%)
02:      0/24(  0%)     0/4(  0%)      0/4(  0%)       0/4(  0%)
03:      0/24(  0%)     0/4(  0%)      0/4(  0%)       0/4(  0%)
04:      0/24(  0%)     0/4(  0%)      0/4(  0%)       0/4(  0%)
05:      0/24(  0%)     0/4(  0%)      0/4(  0%)       0/4(  0%)
06:      0/24(  0%)     0/4(  0%)      0/4(  0%)       0/4(  0%)
07:      0/24(  0%)     0/4(  0%)      0/4(  0%)       0/4(  0%)
08:      0/24(  0%)     0/4(  0%)      0/4(  0%)       0/4(  0%)
09:      0/24(  0%)     0/4(  0%)      0/4(  0%)       0/4(  0%)
10:      0/24(  0%)     0/4(  0%)      0/4(  0%)       0/4(  0%)
11:      0/24(  0%)     0/4(  0%)      0/4(  0%)       0/4(  0%)
12:      0/24(  0%)     0/4(  0%)      0/4(  0%)       0/4(  0%)
13:      1/24(  4%)     0/4(  0%)      1/4( 25%)       0/4(  0%)
14:      1/24(  4%)     0/4(  0%)      1/4( 25%)       0/4(  0%)
15:      1/24(  4%)     1/4( 25%)      0/4(  0%)       0/4(  0%)
16:      0/24(  0%)     0/4(  0%)      0/4(  0%)       0/4(  0%)
17:      1/24(  4%)     0/4(  0%)      1/4( 25%)       0/4(  0%)
18:      2/24(  8%)     0/4(  0%)      1/4( 25%)       0/4(  0%)
19:      2/24(  8%)     0/4(  0%)      2/4( 50%)       0/4(  0%)
20:      1/24(  4%)     0/4(  0%)      1/4( 25%)       0/4(  0%)
21:      1/24(  4%)     0/4(  0%)      1/4( 25%)       0/4(  0%)
22:      0/24(  0%)     0/4(  0%)      0/4(  0%)       0/4(  0%)
23:      2/24(  8%)     1/4( 25%)      1/4( 25%)       0/4(  0%)
24:      2/24(  8%)     1/4( 25%)      1/4( 25%)       0/4(  0%)
EA:      0/24(  0%)     0/4(  0%)      0/4(  0%)       0/4(  0%)


Device-Specific Information:    d:\altera\maxplus2\modmachine\mainmod\crom.rpt
crom

** CLOCK SIGNALS **

Type     Fan-out       Name
INPUT       27         T2


Device-Specific Information:    d:\altera\maxplus2\modmachine\mainmod\crom.rpt
crom

** CLEAR SIGNALS **

Type     Fan-out       Name
INPUT        6         CLR


Device-Specific Information:    d:\altera\maxplus2\modmachine\mainmod\crom.rpt
crom

** EQUATIONS **

CF       : INPUT;
CLR      : INPUT;
D0       : INPUT;
D1       : INPUT;
D2       : INPUT;
D3       : INPUT;
OVF      : INPUT;
SF       : INPUT;
T2       : INPUT;
T3       : INPUT;
T4       : INPUT;

-- Node name is 'ADDR_B' 
-- Equation name is 'ADDR_B', type is output 
ADDR_B   =  _LC4_C24;

-- Node name is 'ALU_B' 
-- Equation name is 'ALU_B', type is output 
ALU_B    =  _LC2_C18;

-- Node name is 'CS_D' 
-- Equation name is 'CS_D', type is output 
CS_D     = !_LC8_C13;

-- Node name is 'CS_I' 
-- Equation name is 'CS_I', type is output 
CS_I     =  _LC1_C23;

-- Node name is 'LDAR' 
-- Equation name is 'LDAR', type is output 
LDAR     =  _LC4_C14;

-- Node name is 'LDIR' 
-- Equation name is 'LDIR', type is output 
LDIR     =  _LC1_C14;

-- Node name is 'LDPC' 
-- Equation name is 'LDPC', type is output 
LDPC     =  _LC8_C24;

-- Node name is 'LDPSW' 
-- Equation name is 'LDPSW', type is output 
LDPSW    =  _LC3_C20;

-- Node name is 'LDRI' 
-- Equation name is 'LDRI', type is output 
LDRI     =  _LC4_C20;

-- Node name is 'LED_B' 
-- Equation name is 'LED_B', type is output 
LED_B    =  _LC5_C9;

-- Node name is 'LOAD' 
-- Equation name is 'LOAD', type is output 
LOAD     =  _LC7_C24;

-- Node name is 'RAM_B' 
-- Equation name is 'RAM_B', type is output 
RAM_B    =  _LC1_C24;

-- Node name is 'RD_D' 
-- Equation name is 'RD_D', type is output 
RD_D     = !_LC5_C13;

-- Node name is 'RS_B' 
-- Equation name is 'RS_B', type is output 
RS_B     =  _LC5_C19;

-- Node name is 'SW_B' 
-- Equation name is 'SW_B', type is output 
SW_B     =  _LC3_C23;

-- Node name is 'S0' 
-- Equation name is 'S0', type is output 
S0       =  _LC4_C18;

-- Node name is 'S1' 
-- Equation name is 'S1', type is output 
S1       =  _LC8_C18;

-- Node name is 'S2' 
-- Equation name is 'S2', type is output 
S2       =  _LC5_C21;

-- Node name is '|aa:35|MMM:31|:5' 
-- Equation name is '_LC1_C15', type is buried 
_LC1_C15 = DFFE( GND, GLOBAL( T2), GLOBAL( CLR), !_LC5_C15,  VCC);

-- Node name is '|aa:35|MMM:32|:5' 
-- Equation name is '_LC2_C20', type is buried 
_LC2_C20 = DFFE( GND, GLOBAL( T2), GLOBAL( CLR), !_LC5_C20,  VCC);

-- Node name is '|aa:35|MMM:33|:5' 
-- Equation name is '_LC6_C23', type is buried 
_LC6_C23 = DFFE( _EQ001, GLOBAL( T2), GLOBAL( CLR), !_LC2_C23,  VCC);
  _EQ001 =  _LC5_C14 &  _LC7_C23;

-- Node name is '|aa:35|MMM:34|:5' 
-- Equation name is '_LC7_C14', type is buried 
_LC7_C14 = DFFE( _EQ002, GLOBAL( T2), GLOBAL( CLR), !_LC6_C14,  VCC);
  _EQ002 =  _LC5_C14 &  _LC7_C23;

-- Node name is '|aa:35|MMM:35|:5' 
-- Equation name is '_LC5_C17', type is buried 
_LC5_C17 = DFFE( _EQ003, GLOBAL( T2), GLOBAL( CLR), !_LC3_C14,  VCC);
  _EQ003 =  _LC3_C15 &  _LC4_C16;

-- Node name is '|aa:35|MMM:36|:5' 
-- Equation name is '_LC2_C16', type is buried 
_LC2_C16 = DFFE( _LC2_C15, GLOBAL( T2), GLOBAL( CLR), !_LC2_C14,  VCC);

-- Node name is '|ADDR:43|:36' 
-- Equation name is '_LC5_C15', type is buried 
!_LC5_C15 = _LC5_C15~NOT;
_LC5_C15~NOT = LCELL( _EQ004);
  _EQ004 = !T4
         # !_LC4_C15
         #  OVF &  SF
         # !OVF & !SF;

-- Node name is '|ADDR:43|:41' 
-- Equation name is '_LC5_C20', type is buried 
!_LC5_C20 = _LC5_C20~NOT;
_LC5_C20~NOT = LCELL( _EQ005);
  _EQ005 = !T4
         # !CF
         # !_LC1_C20;

-- Node name is '|ADDR:43|:46' 
-- Equation name is '_LC2_C23', type is buried 
!_LC2_C23 = _LC2_C23~NOT;
_LC2_C23~NOT = LCELL( _EQ006);
  _EQ006 = !T4
         # !_LC4_C23
         # !D3;

-- Node name is '|ADDR:43|:51' 
-- Equation name is '_LC6_C14', type is buried 
!_LC6_C14 = _LC6_C14~NOT;
_LC6_C14~NOT = LCELL( _EQ007);
  _EQ007 = !T4
         # !_LC4_C23
         # !D2;

-- Node name is '|ADDR:43|:56' 
-- Equation name is '_LC3_C14', type is buried 
!_LC3_C14 = _LC3_C14~NOT;
_LC3_C14~NOT = LCELL( _EQ008);
  _EQ008 = !T4
         # !_LC4_C23
         # !D1;

-- Node name is '|ADDR:43|:61' 
-- Equation name is '_LC2_C14', type is buried 
!_LC2_C14 = _LC2_C14~NOT;
_LC2_C14~NOT = LCELL( _EQ009);
  _EQ009 = !D0
         # !T4
         # !_LC4_C23;

-- Node name is '|CONTROM:39|:1711' 
-- Equation name is '_LC6_C15', type is buried 
_LC6_C15 = LCELL( _EQ010);
  _EQ010 =  _LC1_C16 &  _LC6_C23 &  _LC7_C14;

-- Node name is '|CONTROM:39|:1727' 
-- Equation name is '_LC1_C19', type is buried 
_LC1_C19 = LCELL( _EQ011);
  _EQ011 =  _LC6_C23 &  _LC7_C14 & !_LC7_C16;

-- Node name is '|CONTROM:39|:1743' 
-- Equation name is '_LC3_C19', type is buried 
_LC3_C19 = LCELL( _EQ012);
  _EQ012 =  _LC4_C16 &  _LC6_C23 &  _LC7_C14;

-- Node name is '|CONTROM:39|~1775~1' 
-- Equation name is '_LC1_C16', type is buried 
-- synthesized logic cell 
_LC1_C16 = LCELL( _EQ013);
  _EQ013 = !_LC1_C15 & !_LC2_C16 & !_LC2_C20 &  _LC5_C17;

-- Node name is '|CONTROM:39|~1791~1' 
-- Equation name is '_LC2_C19', type is buried 
-- synthesized logic cell 
_LC2_C19 = LCELL( _EQ014);
  _EQ014 =  _LC6_C23 & !_LC7_C14;

-- Node name is '|CONTROM:39|:1791' 
-- Equation name is '_LC1_C18', type is buried 
_LC1_C18 = LCELL( _EQ015);
  _EQ015 =  _LC2_C19 & !_LC7_C16;

-- Node name is '|CONTROM:39|~1794~1' 
-- Equation name is '_LC3_C24', type is buried 
-- synthesized logic cell 
_LC3_C24 = LCELL( _EQ016);
  _EQ016 =  _LC6_C18
         #  _LC6_C23
         #  _LC7_C14
         #  _LC6_C15;

-- Node name is '|CONTROM:39|~1794~2' 
-- Equation name is '_LC6_C16', type is buried 
-- synthesized logic cell 
_LC6_C16 = LCELL( _EQ017);
  _EQ017 =  _LC1_C15 &  _LC2_C20
         # !_LC1_C15 & !_LC2_C20
         #  _LC2_C16;

-- Node name is '|CONTROM:39|~1794~3' 
-- Equation name is '_LC3_C16', type is buried 
-- synthesized logic cell 
_LC3_C16 = LCELL( _EQ018);
  _EQ018 =  _LC1_C19
         #  _LC3_C19
         #  _LC6_C16
         #  _LC5_C17;

-- Node name is '|CONTROM:39|:1807' 
-- Equation name is '_LC5_C16', type is buried 
!_LC5_C16 = _LC5_C16~NOT;
_LC5_C16~NOT = LCELL( _EQ019);
  _EQ019 = !_LC2_C19
         # !_LC4_C16;

-- Node name is '|CONTROM:39|~1839~1' 
-- Equation name is '_LC3_C15', type is buried 
-- synthesized logic cell 
_LC3_C15 = LCELL( _EQ020);
  _EQ020 = !_LC6_C23 &  _LC7_C14;

-- Node name is '|CONTROM:39|~1855~1' 
-- Equation name is '_LC7_C16', type is buried 
-- synthesized logic cell 
_LC7_C16 = LCELL( _EQ021);
  _EQ021 =  _LC5_C17
         #  _LC1_C15
         #  _LC2_C20
         # !_LC2_C16;

-- Node name is '|CONTROM:39|:1855' 
-- Equation name is '_LC3_C17', type is buried 
_LC3_C17 = LCELL( _EQ022);
  _EQ022 =  _LC3_C15 & !_LC7_C16;

-- Node name is '|CONTROM:39|~1871~1' 
-- Equation name is '_LC4_C16', type is buried 
-- synthesized logic cell 
_LC4_C16 = LCELL( _EQ023);
  _EQ023 = !_LC1_C15 & !_LC2_C16 & !_LC2_C20 & !_LC5_C17;

-- Node name is '|CONTROM:39|~1887~1' 
-- Equation name is '_LC8_C16', type is buried 
-- synthesized logic cell 
_LC8_C16 = LCELL( _EQ024);
  _EQ024 = !_LC1_C15 &  _LC2_C16 & !_LC2_C20 &  _LC5_C17;

-- Node name is '|CONTROM:39|:1887' 
-- Equation name is '_LC2_C15', type is buried 
_LC2_C15 = LCELL( _EQ025);
  _EQ025 = !_LC6_C23 & !_LC7_C14 &  _LC8_C16;

-- Node name is '|CONTROM:39|:1903' 
-- Equation name is '_LC8_C15', type is buried 
!_LC8_C15 = _LC8_C15~NOT;
_LC8_C15~NOT = LCELL( _EQ026);
  _EQ026 =  _LC6_C23
         #  _LC7_C14
         # !_LC1_C16;

-- Node name is '|CONTROM:39|:1919' 
-- Equation name is '_LC4_C19', type is buried 
!_LC4_C19 = _LC4_C19~NOT;
_LC4_C19~NOT = LCELL( _EQ027);
  _EQ027 =  _LC6_C23
         #  _LC7_C14
         #  _LC7_C16;

-- Node name is '|CONTROM:39|:1935' 
-- Equation name is '_LC7_C19', type is buried 
!_LC7_C19 = _LC7_C19~NOT;
_LC7_C19~NOT = LCELL( _EQ028);
  _EQ028 =  _LC6_C23
         #  _LC7_C14
         # !_LC4_C16;

-- Node name is '|CONTROM:39|:2124' 
-- Equation name is '_LC7_C17', type is buried 
_LC7_C17 = LCELL( _EQ029);
  _EQ029 =  _LC2_C19 &  _LC8_C16
         #  _LC1_C16 &  _LC2_C19
         #  _LC6_C15;

-- Node name is '|CONTROM:39|:2139' 
-- Equation name is '_LC6_C17', type is buried 
_LC6_C17 = LCELL( _EQ030);
  _EQ030 = !_LC1_C18 &  _LC7_C15 &  _LC7_C17
         #  _LC3_C17;

-- Node name is '|CONTROM:39|:2181' 
-- Equation name is '_LC6_C18', type is buried 
_LC6_C18 = LCELL( _EQ031);
  _EQ031 =  _LC1_C18
         #  _LC2_C19 &  _LC8_C16
         #  _LC1_C16 &  _LC2_C19;

-- Node name is '|CONTROM:39|~2210~1' 
-- Equation name is '_LC2_C17', type is buried 
-- synthesized logic cell 
!_LC2_C17 = _LC2_C17~NOT;
_LC2_C17~NOT = LCELL( _EQ032);
  _EQ032 =  _LC1_C17
         #  _LC3_C17
         #  _LC5_C14;

-- Node name is '|CONTROM:39|:2244' 
-- Equation name is '_LC6_C19', type is buried 
_LC6_C19 = LCELL( _EQ033);
  _EQ033 = !_LC1_C19 & !_LC3_C19
         # !_LC7_C15
         #  _LC6_C18;

-- Node name is '|CONTROM:39|~2262~1' 
-- Equation name is '_LC8_C23', type is buried 
-- synthesized logic cell 
_LC8_C23 = LCELL( _EQ034);
  _EQ034 =  _LC4_C19
         #  _LC8_C15;

-- Node name is '|CONTROM:39|~2363~1' 
-- Equation name is '_LC7_C15', type is buried 
-- synthesized logic cell 
!_LC7_C15 = _LC7_C15~NOT;
_LC7_C15~NOT = LCELL( _EQ035);
  _EQ035 =  _LC3_C15 &  _LC8_C16
         #  _LC1_C16 &  _LC3_C15
         #  _LC5_C16;

-- Node name is '|CONTROM:39|~2363~2' 
-- Equation name is '_LC5_C18', type is buried 
-- synthesized logic cell 
!_LC5_C18 = _LC5_C18~NOT;
_LC5_C18~NOT = LCELL( _EQ036);
  _EQ036 = !_LC2_C19
         # !_LC1_C16 & !_LC8_C16
         #  _LC1_C18;

-- Node name is '|CONTROM:39|:2397' 
-- Equation name is '_LC7_C18', type is buried 
_LC7_C18 = LCELL( _EQ037);
  _EQ037 =  _LC2_C19 &  _LC8_C16
         #  _LC1_C18;

-- Node name is '|CONTROM:39|~2417~1' 
-- Equation name is '_LC4_C17', type is buried 
-- synthesized logic cell 
!_LC4_C17 = _LC4_C17~NOT;
_LC4_C17~NOT = LCELL( _EQ038);
  _EQ038 = !_LC7_C15
         #  _LC3_C15 &  _LC4_C16
         #  _LC3_C17;

-- Node name is '|CONTROM:39|~2417~2' 
-- Equation name is '_LC8_C17', type is buried 
-- synthesized logic cell 
_LC8_C17 = LCELL( _EQ039);
  _EQ039 = !_LC3_C17 & !_LC4_C16
         # !_LC3_C15 & !_LC3_C17;

-- Node name is '|CONTROM:39|~2426~1' 
-- Equation name is '_LC7_C23', type is buried 
-- synthesized logic cell 
_LC7_C23 = LCELL( _EQ040);
  _EQ040 = !_LC4_C19 & !_LC7_C19 & !_LC8_C15;

-- Node name is '|CONTROM:39|~2682~1' 
-- Equation name is '_LC8_C19', type is buried 
-- synthesized logic cell 
_LC8_C19 = LCELL( _EQ041);
  _EQ041 = !_LC1_C19 & !_LC6_C15
         #  _LC3_C19
         #  _LC6_C18;

-- Node name is '|CONTROM:39|~2847~1' 
-- Equation name is '_LC1_C17', type is buried 
-- synthesized logic cell 
_LC1_C17 = LCELL( _EQ042);
  _EQ042 =  _LC3_C15 &  _LC8_C16
         #  _LC1_C16 &  _LC3_C15;

-- Node name is '|CONTROM:39|:2847' 
-- Equation name is '_LC5_C24', type is buried 
_LC5_C24 = LCELL( _EQ043);
  _EQ043 = !_LC2_C17
         #  _LC3_C24 & !_LC5_C16
         #  _LC3_C16 & !_LC5_C16;

-- Node name is '|CONTROM:39|:3171' 
-- Equation name is '_LC5_C14', type is buried 
_LC5_C14 = LCELL( _EQ044);
  _EQ044 =  _LC3_C15 &  _LC4_C16
         #  _LC2_C15;

-- Node name is '|MCOMMAND:40|:66' = '|MCOMMAND:40|DATAOUT0' 
-- Equation name is '_LC4_C15', type is buried 
_LC4_C15 = DFFE( _EQ045, GLOBAL( T2),  VCC,  VCC,  VCC);
  _EQ045 =  _LC3_C15 &  _LC8_C16;

-- Node name is '|MCOMMAND:40|:65' = '|MCOMMAND:40|DATAOUT1' 
-- Equation name is '_LC1_C20', type is buried 
_LC1_C20 = DFFE( _EQ046, GLOBAL( T2),  VCC,  VCC,  VCC);
  _EQ046 =  _LC1_C16 &  _LC3_C15;

-- Node name is '|MCOMMAND:40|:64' = '|MCOMMAND:40|DATAOUT2' 
-- Equation name is '_LC4_C23', type is buried 
_LC4_C23 = DFFE( _LC7_C19, GLOBAL( T2),  VCC,  VCC,  VCC);

-- Node name is '|MCOMMAND:40|:63' = '|MCOMMAND:40|DATAOUT3' 
-- Equation name is '_LC4_C24', type is buried 
_LC4_C24 = DFFE( _EQ047, GLOBAL( T2),  VCC,  VCC,  VCC);
  _EQ047 =  _LC5_C24 & !_LC8_C15
         #  _LC4_C19
         #  _LC7_C19;

-- Node name is '|MCOMMAND:40|:62' = '|MCOMMAND:40|DATAOUT4' 
-- Equation name is '_LC1_C23', type is buried 
_LC1_C23 = DFFE(!_LC7_C19, GLOBAL( T2),  VCC,  VCC,  VCC);

-- Node name is '|MCOMMAND:40|:61' = '|MCOMMAND:40|DATAOUT5' 
-- Equation name is '_LC1_C24', type is buried 
_LC1_C24 = DFFE( _EQ048, GLOBAL( T2),  VCC,  VCC,  VCC);
  _EQ048 = !_LC4_C19 & !_LC6_C15
         #  _LC1_C19 & !_LC4_C19
         #  _LC7_C19;

-- Node name is '|MCOMMAND:40|:60' = '|MCOMMAND:40|DATAOUT6' 
-- Equation name is '_LC3_C18', type is buried 
_LC3_C18 = DFFE( _EQ049, GLOBAL( T2),  VCC,  VCC,  VCC);
  _EQ049 = !_LC2_C15 & !_LC4_C17
         # !_LC2_C15 &  _LC8_C19
         # !_LC7_C23;

-- Node name is '|MCOMMAND:40|:59' = '|MCOMMAND:40|DATAOUT7' 
-- Equation name is '_LC1_C13', type is buried 
_LC1_C13 = DFFE(!_LC1_C19, GLOBAL( T2),  VCC,  VCC,  VCC);

-- Node name is '|MCOMMAND:40|:58' = '|MCOMMAND:40|DATAOUT8' 
-- Equation name is '_LC5_C9', type is buried 
_LC5_C9  = DFFE(!_LC3_C19, GLOBAL( T2),  VCC,  VCC,  VCC);

-- Node name is '|MCOMMAND:40|:57' = '|MCOMMAND:40|DATAOUT9' 
-- Equation name is '_LC3_C23', type is buried 
_LC3_C23 = DFFE(!_LC4_C19, GLOBAL( T2),  VCC,  VCC,  VCC);

-- Node name is '|MCOMMAND:40|:56' = '|MCOMMAND:40|DATAOUT10' 
-- Equation name is '_LC2_C18', type is buried 
_LC2_C18 = DFFE( _EQ050, GLOBAL( T2),  VCC,  VCC,  VCC);
  _EQ050 = !_LC2_C15 & !_LC5_C18
         # !_LC2_C15 & !_LC4_C17
         # !_LC7_C23;

-- Node name is '|MCOMMAND:40|:55' = '|MCOMMAND:40|DATAOUT11' 
-- Equation name is '_LC4_C18', type is buried 
_LC4_C18 = DFFE( _EQ051, GLOBAL( T2),  VCC,  VCC,  VCC);
  _EQ051 =  _LC4_C17 &  _LC7_C18 &  _LC7_C23
         #  _LC2_C15 &  _LC7_C23;

-- Node name is '|MCOMMAND:40|:54' = '|MCOMMAND:40|DATAOUT12' 
-- Equation name is '_LC8_C18', type is buried 
_LC8_C18 = DFFE( _EQ052, GLOBAL( T2),  VCC,  VCC,  VCC);
  _EQ052 =  _LC4_C17 &  _LC5_C18 &  _LC7_C23
         #  _LC2_C15 &  _LC7_C23;

-- Node name is '|MCOMMAND:40|:53' = '|MCOMMAND:40|DATAOUT13' 
-- Equation name is '_LC5_C21', type is buried 
_LC5_C21 = DFFE( _LC2_C15, GLOBAL( T2),  VCC,  VCC,  VCC);

-- Node name is '|MCOMMAND:40|:52' = '|MCOMMAND:40|DATAOUT14' 
-- Equation name is '_LC5_C19', type is buried 
_LC5_C19 = DFFE( _EQ053, GLOBAL( T2),  VCC,  VCC,  VCC);
  _EQ053 =  _LC6_C19 &  _LC8_C17
         # !_LC7_C23
         #  _LC2_C15;

-- Node name is '|MCOMMAND:40|:51' = '|MCOMMAND:40|DATAOUT15' 
-- Equation name is '_LC2_C24', type is buried 
_LC2_C24 = DFFE( _EQ054, GLOBAL( T2),  VCC,  VCC,  VCC);
  _EQ054 =  _LC2_C17 & !_LC5_C16 &  _LC6_C18 &  _LC7_C23;

-- Node name is '|MCOMMAND:40|:50' = '|MCOMMAND:40|DATAOUT16' 
-- Equation name is '_LC5_C23', type is buried 
_LC5_C23 = DFFE( _EQ055, GLOBAL( T2),  VCC,  VCC,  VCC);
  _EQ055 = !_LC7_C19 &  _LC8_C23
         # !_LC5_C14 &  _LC6_C17 & !_LC7_C19;

-- Node name is '|MCOMMAND:40|:48' = '|MCOMMAND:40|DATAOUT18' 
-- Equation name is '_LC8_C14', type is buried 
_LC8_C14 = DFFE( _EQ056, GLOBAL( T2),  VCC,  VCC,  VCC);
  _EQ056 =  _LC3_C15 &  _LC4_C16 &  _LC7_C23
         #  _LC2_C15 &  _LC7_C23;

-- Node name is '|MCOMMAND:40|:47' = '|MCOMMAND:40|DATAOUT19' 
-- Equation name is '_LC6_C24', type is buried 
_LC6_C24 = DFFE( _EQ057, GLOBAL( T2),  VCC,  VCC,  VCC);
  _EQ057 = !_LC4_C19 & !_LC5_C24 & !_LC8_C15
         #  _LC7_C19;

-- Node name is '|MCOMMAND:40|:46' = '|MCOMMAND:40|DATAOUT20' 
-- Equation name is '_LC7_C24', type is buried 
_LC7_C24 = DFFE( _EQ058, GLOBAL( T2),  VCC,  VCC,  VCC);
  _EQ058 =  _LC4_C19
         #  _LC8_C15
         #  _LC5_C24
         #  _LC7_C19;

-- Node name is '|MCOMMAND:40|:1053' 
-- Equation name is '_LC8_C13', type is buried 
!_LC8_C13 = _LC8_C13~NOT;
_LC8_C13~NOT = LCELL( _EQ059);
  _EQ059 = !T3
         #  _LC3_C18;

-- Node name is '|MCOMMAND:40|:1082' 
-- Equation name is '_LC5_C13', type is buried 
!_LC5_C13 = _LC5_C13~NOT;
_LC5_C13~NOT = LCELL( _EQ060);
  _EQ060 =  _LC1_C13
         # !T2 & !T3;

-- Node name is '|MCOMMAND:40|:1269' 
-- Equation name is '_LC3_C20', type is buried 
_LC3_C20 = LCELL( _EQ061);
  _EQ061 =  _LC2_C24 &  T4;

-- Node name is '|MCOMMAND:40|:1294' 
-- Equation name is '_LC4_C20', type is buried 
_LC4_C20 = LCELL( _EQ062);
  _EQ062 =  _LC5_C23 &  T4;

-- Node name is '|MCOMMAND:40|:1319' 
-- Equation name is '_LC1_C14', type is buried 
_LC1_C14 = LCELL( _EQ063);
  _EQ063 =  _LC4_C23 &  T3;

-- Node name is '|MCOMMAND:40|:1344' 
-- Equation name is '_LC4_C14', type is buried 
_LC4_C14 = LCELL( _EQ064);
  _EQ064 =  _LC8_C14 &  T3;

-- Node name is '|MCOMMAND:40|:1369' 
-- Equation name is '_LC8_C24', type is buried 
_LC8_C24 = LCELL( _EQ065);
  _EQ065 =  _LC6_C24 &  T4;



Project Information             d:\altera\maxplus2\modmachine\mainmod\crom.rpt

** COMPILATION SETTINGS & TIMES **

Processing Menu Commands
------------------------

Design Doctor                             = off

Logic Synthesis:

   Synthesis Type Used                    = Multi-Level

   Default Synthesis Style                = NORMAL

      Logic option settings in 'NORMAL' style for 'ACEX1K' family

      CARRY_CHAIN                         = ignore
      CARRY_CHAIN_LENGTH                  = 32
      CASCADE_CHAIN                       = ignore
      CASCADE_CHAIN_LENGTH                = 2
      DECOMPOSE_GATES                     = on
      DUPLICATE_LOGIC_EXTRACTION          = on
      MINIMIZATION                        = full
      MULTI_LEVEL_FACTORING               = on
      NOT_GATE_PUSH_BACK                  = on
      REDUCE_LOGIC                        = on
      REFACTORIZATION                     = on
      REGISTER_OPTIMIZATION               = on
      RESYNTHESIZE_NETWORK                = on
      SLOW_SLEW_RATE                      = off
      SUBFACTOR_EXTRACTION                = on
      IGNORE_SOFT_BUFFERS                 = on
      USE_LPM_FOR_AHDL_OPERATORS          = off

   Other logic synthesis settings:

      Automatic Global Clock              = on
      Automatic Global Clear              = on
      Automatic Global Preset             = on
      Automatic Global Output Enable      = on
      Automatic Fast I/O                  = off
      Automatic Register Packing          = off
      Automatic Open-Drain Pins           = on
      Automatic Implement in EAB          = off
      Optimize                            = 5

Default Timing Specifications: None

Cut All Bidir Feedback Timing Paths       = on
Cut All Clear & Preset Timing Paths       = on

Ignore Timing Assignments                 = off

Functional SNF Extractor                  = off

Linked SNF Extractor                      = off
Timing SNF Extractor                      = on
Optimize Timing SNF                       = off
Generate AHDL TDO File                    = off
Fitter Settings                           = NORMAL
Use Quartus Fitter                        = on
Smart Recompile                           = off
Total Recompile                           = off

Interfaces Menu Commands
------------------------

EDIF Netlist Writer                       = off
Verilog Netlist Writer                    = off
VHDL Netlist Writer                       = off

Compilation Times
-----------------

   Compiler Netlist Extractor             00:00:00
   Database Builder                       00:00:00
   Logic Synthesizer                      00:00:00
   Partitioner                            00:00:00
   Fitter                                 00:00:00
   Timing SNF Extractor                   00:00:00
   Assembler                              00:00:00
   --------------------------             --------
   Total Time                             00:00:00


Memory Allocated
-----------------

Peak memory allocated during compilation  = 18,960K
